********************************************************************************
* Unified simulation Tcl App stack trace dump
*
* File: .usf.tcl_error.log (Wed Dec 17 15:28:14 2025)
*
* This file is generated by the unified simulation automation and contains the
* tcl stack trace of error returned by the simulator App for the current run.
*
********************************************************************************
1
    while executing
"catch {open $dat_file r} fh"
    ("foreach" body line 5)
    invoked from within
"foreach lib_dir [glob -nocomplain -directory $clibs_dir *] {
    set dat_file "$lib_dir/.cxl.lib_info.dat"
    if { ![file exists $dat_file] } { conti..."
    (procedure "xcs_fetch_lib_info" line 13)
    invoked from within
"xcs_fetch_lib_info "xsim" $ip_dir $a_sim_vars(b_int_sm_lib_ref_debug)"
    (procedure "usf_xsim_setup_simulation" line 107)
    invoked from within
"usf_xsim_setup_simulation"
    (procedure "tclapp::xilinx::xsim::setup" line 19)
    invoked from within
"tclapp::xilinx::xsim::setup { -simset sim_1 -mode post-synthesis -type timing -run_dir C:/Users/mpakasa/Desktop/cv32e40p_project/cv32e40p-vivado/cv32e..."
